{"/Users/mkalboneh/Desktop/projects/hologram-cdr/api/src/parsers/basic.ts": {"path":"/Users/mkalboneh/Desktop/projects/hologram-cdr/api/src/parsers/basic.ts","statementMap":{"0":{"start":{"line":3,"column":0},"end":{"line":3,"column":16}},"1":{"start":{"line":4,"column":16},"end":{"line":4,"column":52}},"2":{"start":{"line":4,"column":43},"end":{"line":4,"column":51}},"3":{"start":{"line":5,"column":2},"end":{"line":5,"column":86}},"4":{"start":{"line":5,"column":26},"end":{"line":5,"column":86}},"5":{"start":{"line":7,"column":16},"end":{"line":7,"column":32}},"6":{"start":{"line":8,"column":2},"end":{"line":8,"column":88}},"7":{"start":{"line":8,"column":32},"end":{"line":8,"column":88}},"8":{"start":{"line":10,"column":2},"end":{"line":10,"column":82}}},"fnMap":{"0":{"name":"parseBasic","decl":{"start":{"line":3,"column":16},"end":{"line":3,"column":26}},"loc":{"start":{"line":3,"column":51},"end":{"line":11,"column":1}}},"1":{"name":"(anonymous_1)","decl":{"start":{"line":4,"column":36},"end":{"line":4,"column":37}},"loc":{"start":{"line":4,"column":43},"end":{"line":4,"column":51}}}},"branchMap":{"0":{"loc":{"start":{"line":5,"column":2},"end":{"line":5,"column":86}},"type":"if","locations":[{"start":{"line":5,"column":2},"end":{"line":5,"column":86}},{"start":{},"end":{}}]},"1":{"loc":{"start":{"line":8,"column":2},"end":{"line":8,"column":88}},"type":"if","locations":[{"start":{"line":8,"column":2},"end":{"line":8,"column":88}},{"start":{},"end":{}}]}},"s":{"0":2,"1":3,"2":6,"3":3,"4":0,"5":3,"6":3,"7":0,"8":3},"f":{"0":3,"1":6},"b":{"0":[0,3],"1":[0,3]}}
,"/Users/mkalboneh/Desktop/projects/hologram-cdr/api/src/parsers/extended.ts": {"path":"/Users/mkalboneh/Desktop/projects/hologram-cdr/api/src/parsers/extended.ts","statementMap":{"0":{"start":{"line":3,"column":0},"end":{"line":3,"column":16}},"1":{"start":{"line":4,"column":16},"end":{"line":4,"column":52}},"2":{"start":{"line":4,"column":43},"end":{"line":4,"column":51}},"3":{"start":{"line":5,"column":2},"end":{"line":5,"column":89}},"4":{"start":{"line":5,"column":26},"end":{"line":5,"column":89}},"5":{"start":{"line":7,"column":15},"end":{"line":7,"column":23}},"6":{"start":{"line":8,"column":14},"end":{"line":8,"column":30}},"7":{"start":{"line":9,"column":16},"end":{"line":9,"column":32}},"8":{"start":{"line":10,"column":17},"end":{"line":10,"column":33}},"9":{"start":{"line":12,"column":2},"end":{"line":12,"column":59}},"10":{"start":{"line":12,"column":13},"end":{"line":12,"column":59}},"11":{"start":{"line":13,"column":2},"end":{"line":13,"column":82}},"12":{"start":{"line":13,"column":30},"end":{"line":13,"column":82}},"13":{"start":{"line":14,"column":2},"end":{"line":14,"column":91}},"14":{"start":{"line":14,"column":32},"end":{"line":14,"column":91}},"15":{"start":{"line":15,"column":2},"end":{"line":15,"column":88}},"16":{"start":{"line":15,"column":33},"end":{"line":15,"column":88}},"17":{"start":{"line":17,"column":2},"end":{"line":17,"column":64}}},"fnMap":{"0":{"name":"parseExtended","decl":{"start":{"line":3,"column":16},"end":{"line":3,"column":29}},"loc":{"start":{"line":3,"column":54},"end":{"line":18,"column":1}}},"1":{"name":"(anonymous_1)","decl":{"start":{"line":4,"column":36},"end":{"line":4,"column":37}},"loc":{"start":{"line":4,"column":43},"end":{"line":4,"column":51}}}},"branchMap":{"0":{"loc":{"start":{"line":5,"column":2},"end":{"line":5,"column":89}},"type":"if","locations":[{"start":{"line":5,"column":2},"end":{"line":5,"column":89}},{"start":{},"end":{}}]},"1":{"loc":{"start":{"line":12,"column":2},"end":{"line":12,"column":59}},"type":"if","locations":[{"start":{"line":12,"column":2},"end":{"line":12,"column":59}},{"start":{},"end":{}}]},"2":{"loc":{"start":{"line":13,"column":2},"end":{"line":13,"column":82}},"type":"if","locations":[{"start":{"line":13,"column":2},"end":{"line":13,"column":82}},{"start":{},"end":{}}]},"3":{"loc":{"start":{"line":14,"column":2},"end":{"line":14,"column":91}},"type":"if","locations":[{"start":{"line":14,"column":2},"end":{"line":14,"column":91}},{"start":{},"end":{}}]},"4":{"loc":{"start":{"line":15,"column":2},"end":{"line":15,"column":88}},"type":"if","locations":[{"start":{"line":15,"column":2},"end":{"line":15,"column":88}},{"start":{},"end":{}}]}},"s":{"0":2,"1":3,"2":15,"3":3,"4":0,"5":3,"6":3,"7":3,"8":3,"9":3,"10":0,"11":3,"12":0,"13":3,"14":0,"15":3,"16":0,"17":3},"f":{"0":3,"1":15},"b":{"0":[0,3],"1":[0,3],"2":[0,3],"3":[0,3],"4":[0,3]}}
,"/Users/mkalboneh/Desktop/projects/hologram-cdr/api/src/parsers/hex.ts": {"path":"/Users/mkalboneh/Desktop/projects/hologram-cdr/api/src/parsers/hex.ts","statementMap":{"0":{"start":{"line":9,"column":0},"end":{"line":9,"column":16}},"1":{"start":{"line":4,"column":12},"end":{"line":4,"column":29}},"2":{"start":{"line":5,"column":2},"end":{"line":5,"column":70}},"3":{"start":{"line":5,"column":27},"end":{"line":5,"column":70}},"4":{"start":{"line":6,"column":2},"end":{"line":6,"column":11}},"5":{"start":{"line":10,"column":16},"end":{"line":10,"column":52}},"6":{"start":{"line":10,"column":43},"end":{"line":10,"column":51}},"7":{"start":{"line":11,"column":2},"end":{"line":11,"column":84}},"8":{"start":{"line":11,"column":26},"end":{"line":11,"column":84}},"9":{"start":{"line":13,"column":14},"end":{"line":13,"column":22}},"10":{"start":{"line":14,"column":2},"end":{"line":14,"column":82}},"11":{"start":{"line":14,"column":25},"end":{"line":14,"column":82}},"12":{"start":{"line":15,"column":2},"end":{"line":15,"column":87}},"13":{"start":{"line":15,"column":35},"end":{"line":15,"column":87}},"14":{"start":{"line":18,"column":17},"end":{"line":18,"column":32}},"15":{"start":{"line":19,"column":19},"end":{"line":19,"column":34}},"16":{"start":{"line":20,"column":20},"end":{"line":20,"column":36}},"17":{"start":{"line":21,"column":16},"end":{"line":21,"column":33}},"18":{"start":{"line":23,"column":14},"end":{"line":23,"column":30}},"19":{"start":{"line":24,"column":16},"end":{"line":24,"column":34}},"20":{"start":{"line":25,"column":17},"end":{"line":25,"column":36}},"21":{"start":{"line":27,"column":18},"end":{"line":32,"column":4}},"22":{"start":{"line":33,"column":13},"end":{"line":33,"column":30}},"23":{"start":{"line":35,"column":2},"end":{"line":35,"column":64}}},"fnMap":{"0":{"name":"hexToInt","decl":{"start":{"line":3,"column":9},"end":{"line":3,"column":17}},"loc":{"start":{"line":3,"column":29},"end":{"line":7,"column":1}}},"1":{"name":"parseHex","decl":{"start":{"line":9,"column":16},"end":{"line":9,"column":24}},"loc":{"start":{"line":9,"column":49},"end":{"line":36,"column":1}}},"2":{"name":"(anonymous_2)","decl":{"start":{"line":10,"column":36},"end":{"line":10,"column":37}},"loc":{"start":{"line":10,"column":43},"end":{"line":10,"column":51}}}},"branchMap":{"0":{"loc":{"start":{"line":5,"column":2},"end":{"line":5,"column":70}},"type":"if","locations":[{"start":{"line":5,"column":2},"end":{"line":5,"column":70}},{"start":{},"end":{}}]},"1":{"loc":{"start":{"line":11,"column":2},"end":{"line":11,"column":84}},"type":"if","locations":[{"start":{"line":11,"column":2},"end":{"line":11,"column":84}},{"start":{},"end":{}}]},"2":{"loc":{"start":{"line":14,"column":2},"end":{"line":14,"column":82}},"type":"if","locations":[{"start":{"line":14,"column":2},"end":{"line":14,"column":82}},{"start":{},"end":{}}]},"3":{"loc":{"start":{"line":15,"column":2},"end":{"line":15,"column":87}},"type":"if","locations":[{"start":{"line":15,"column":2},"end":{"line":15,"column":87}},{"start":{},"end":{}}]}},"s":{"0":2,"1":21,"2":21,"3":0,"4":21,"5":4,"6":8,"7":4,"8":0,"9":4,"10":4,"11":1,"12":3,"13":0,"14":3,"15":3,"16":3,"17":3,"18":3,"19":3,"20":3,"21":3,"22":3,"23":3},"f":{"0":21,"1":4,"2":8},"b":{"0":[0,21],"1":[0,4],"2":[1,3],"3":[0,3]}}
,"/Users/mkalboneh/Desktop/projects/hologram-cdr/api/src/parsers/parseFileContent.ts": {"path":"/Users/mkalboneh/Desktop/projects/hologram-cdr/api/src/parsers/parseFileContent.ts","statementMap":{"0":{"start":{"line":4,"column":0},"end":{"line":4,"column":16}},"1":{"start":{"line":2,"column":0},"end":{"line":2,"column":40}},"2":{"start":{"line":8,"column":43},"end":{"line":8,"column":45}},"3":{"start":{"line":9,"column":31},"end":{"line":9,"column":33}},"4":{"start":{"line":11,"column":16},"end":{"line":11,"column":38}},"5":{"start":{"line":13,"column":2},"end":{"line":21,"column":5}},"6":{"start":{"line":14,"column":23},"end":{"line":14,"column":30}},"7":{"start":{"line":15,"column":17},"end":{"line":15,"column":27}},"8":{"start":{"line":16,"column":4},"end":{"line":16,"column":22}},"9":{"start":{"line":16,"column":15},"end":{"line":16,"column":22}},"10":{"start":{"line":18,"column":19},"end":{"line":18,"column":34}},"11":{"start":{"line":19,"column":4},"end":{"line":20,"column":73}},"12":{"start":{"line":19,"column":19},"end":{"line":19,"column":47}},"13":{"start":{"line":20,"column":9},"end":{"line":20,"column":73}},"14":{"start":{"line":23,"column":2},"end":{"line":23,"column":29}}},"fnMap":{"0":{"name":"parseFileContent","decl":{"start":{"line":4,"column":16},"end":{"line":4,"column":32}},"loc":{"start":{"line":4,"column":48},"end":{"line":24,"column":1}}},"1":{"name":"(anonymous_1)","decl":{"start":{"line":13,"column":16},"end":{"line":13,"column":17}},"loc":{"start":{"line":13,"column":29},"end":{"line":21,"column":3}}}},"branchMap":{"0":{"loc":{"start":{"line":16,"column":4},"end":{"line":16,"column":22}},"type":"if","locations":[{"start":{"line":16,"column":4},"end":{"line":16,"column":22}},{"start":{},"end":{}}]},"1":{"loc":{"start":{"line":19,"column":4},"end":{"line":20,"column":73}},"type":"if","locations":[{"start":{"line":19,"column":4},"end":{"line":20,"column":73}},{"start":{"line":20,"column":9},"end":{"line":20,"column":73}}]}},"s":{"0":1,"1":1,"2":1,"3":1,"4":1,"5":1,"6":7,"7":7,"8":7,"9":1,"10":6,"11":6,"12":6,"13":0,"14":1},"f":{"0":1,"1":7},"b":{"0":[1,6],"1":[6,0]}}
,"/Users/mkalboneh/Desktop/projects/hologram-cdr/api/src/parsers/parseLine.ts": {"path":"/Users/mkalboneh/Desktop/projects/hologram-cdr/api/src/parsers/parseLine.ts","statementMap":{"0":{"start":{"line":10,"column":0},"end":{"line":10,"column":16}},"1":{"start":{"line":2,"column":0},"end":{"line":2,"column":37}},"2":{"start":{"line":3,"column":0},"end":{"line":3,"column":43}},"3":{"start":{"line":4,"column":0},"end":{"line":4,"column":33}},"4":{"start":{"line":11,"column":18},"end":{"line":11,"column":29}},"5":{"start":{"line":12,"column":2},"end":{"line":12,"column":60}},"6":{"start":{"line":12,"column":16},"end":{"line":12,"column":60}},"7":{"start":{"line":14,"column":21},"end":{"line":14,"column":41}},"8":{"start":{"line":15,"column":2},"end":{"line":15,"column":72}},"9":{"start":{"line":15,"column":25},"end":{"line":15,"column":72}},"10":{"start":{"line":17,"column":19},"end":{"line":17,"column":54}},"11":{"start":{"line":18,"column":13},"end":{"line":18,"column":29}},"12":{"start":{"line":19,"column":2},"end":{"line":19,"column":73}},"13":{"start":{"line":19,"column":29},"end":{"line":19,"column":73}},"14":{"start":{"line":21,"column":20},"end":{"line":21,"column":37}},"15":{"start":{"line":23,"column":2},"end":{"line":29,"column":3}},"16":{"start":{"line":24,"column":4},"end":{"line":24,"column":81}},"17":{"start":{"line":24,"column":25},"end":{"line":24,"column":81}},"18":{"start":{"line":25,"column":4},"end":{"line":25,"column":76}},"19":{"start":{"line":25,"column":25},"end":{"line":25,"column":76}},"20":{"start":{"line":26,"column":4},"end":{"line":26,"column":57}},"21":{"start":{"line":28,"column":4},"end":{"line":28,"column":82}}},"fnMap":{"0":{"name":"parseLine","decl":{"start":{"line":10,"column":16},"end":{"line":10,"column":25}},"loc":{"start":{"line":10,"column":38},"end":{"line":30,"column":1}}}},"branchMap":{"0":{"loc":{"start":{"line":12,"column":2},"end":{"line":12,"column":60}},"type":"if","locations":[{"start":{"line":12,"column":2},"end":{"line":12,"column":60}},{"start":{},"end":{}}]},"1":{"loc":{"start":{"line":15,"column":2},"end":{"line":15,"column":72}},"type":"if","locations":[{"start":{"line":15,"column":2},"end":{"line":15,"column":72}},{"start":{},"end":{}}]},"2":{"loc":{"start":{"line":19,"column":2},"end":{"line":19,"column":73}},"type":"if","locations":[{"start":{"line":19,"column":2},"end":{"line":19,"column":73}},{"start":{},"end":{}}]},"3":{"loc":{"start":{"line":24,"column":4},"end":{"line":24,"column":81}},"type":"if","locations":[{"start":{"line":24,"column":4},"end":{"line":24,"column":81}},{"start":{},"end":{}}]},"4":{"loc":{"start":{"line":25,"column":4},"end":{"line":25,"column":76}},"type":"if","locations":[{"start":{"line":25,"column":4},"end":{"line":25,"column":76}},{"start":{},"end":{}}]},"5":{"loc":{"start":{"line":28,"column":33},"end":{"line":28,"column":79}},"type":"cond-expr","locations":[{"start":{"line":28,"column":54},"end":{"line":28,"column":63}},{"start":{"line":28,"column":66},"end":{"line":28,"column":79}}]}},"s":{"0":2,"1":2,"2":2,"3":2,"4":11,"5":11,"6":1,"7":10,"8":10,"9":0,"10":10,"11":10,"12":10,"13":0,"14":10,"15":10,"16":10,"17":3,"18":7,"19":4,"20":3,"21":1},"f":{"0":11},"b":{"0":[1,10],"1":[0,10],"2":[0,10],"3":[3,7],"4":[4,3],"5":[1,0]}}
,"/Users/mkalboneh/Desktop/projects/hologram-cdr/api/src/routes/records.ts": {"path":"/Users/mkalboneh/Desktop/projects/hologram-cdr/api/src/routes/records.ts","statementMap":{"0":{"start":{"line":5,"column":0},"end":{"line":5,"column":7}},"1":{"start":{"line":18,"column":0},"end":{"line":18,"column":7}},"2":{"start":{"line":2,"column":0},"end":{"line":2,"column":58}},"3":{"start":{"line":3,"column":0},"end":{"line":3,"column":42}},"4":{"start":{"line":6,"column":2},"end":{"line":15,"column":3}},"5":{"start":{"line":7,"column":17},"end":{"line":7,"column":49}},"6":{"start":{"line":8,"column":4},"end":{"line":8,"column":31}},"7":{"start":{"line":10,"column":4},"end":{"line":10,"column":52}},"8":{"start":{"line":11,"column":4},"end":{"line":14,"column":7}},"9":{"start":{"line":19,"column":2},"end":{"line":48,"column":3}},"10":{"start":{"line":20,"column":54},"end":{"line":20,"column":68}},"11":{"start":{"line":22,"column":4},"end":{"line":26,"column":5}},"12":{"start":{"line":23,"column":6},"end":{"line":25,"column":9}},"13":{"start":{"line":28,"column":20},"end":{"line":35,"column":6}},"14":{"start":{"line":38,"column":4},"end":{"line":41,"column":7}},"15":{"start":{"line":43,"column":4},"end":{"line":43,"column":51}},"16":{"start":{"line":44,"column":4},"end":{"line":47,"column":7}}},"fnMap":{"0":{"name":"getRecordsHandler","decl":{"start":{"line":5,"column":22},"end":{"line":5,"column":39}},"loc":{"start":{"line":5,"column":68},"end":{"line":16,"column":1}}},"1":{"name":"createRecordHandler","decl":{"start":{"line":18,"column":22},"end":{"line":18,"column":41}},"loc":{"start":{"line":18,"column":69},"end":{"line":49,"column":1}}}},"branchMap":{"0":{"loc":{"start":{"line":13,"column":13},"end":{"line":13,"column":69}},"type":"cond-expr","locations":[{"start":{"line":13,"column":38},"end":{"line":13,"column":51}},{"start":{"line":13,"column":54},"end":{"line":13,"column":69}}]},"1":{"loc":{"start":{"line":20,"column":54},"end":{"line":20,"column":68}},"type":"binary-expr","locations":[{"start":{"line":20,"column":54},"end":{"line":20,"column":62}},{"start":{"line":20,"column":66},"end":{"line":20,"column":68}}]},"2":{"loc":{"start":{"line":22,"column":4},"end":{"line":26,"column":5}},"type":"if","locations":[{"start":{"line":22,"column":4},"end":{"line":26,"column":5}},{"start":{},"end":{}}]},"3":{"loc":{"start":{"line":22,"column":8},"end":{"line":22,"column":64}},"type":"binary-expr","locations":[{"start":{"line":22,"column":8},"end":{"line":22,"column":30}},{"start":{"line":22,"column":34},"end":{"line":22,"column":64}}]},"4":{"loc":{"start":{"line":40,"column":14},"end":{"line":40,"column":48}},"type":"binary-expr","locations":[{"start":{"line":40,"column":14},"end":{"line":40,"column":40}},{"start":{"line":40,"column":44},"end":{"line":40,"column":48}}]},"5":{"loc":{"start":{"line":46,"column":13},"end":{"line":46,"column":69}},"type":"cond-expr","locations":[{"start":{"line":46,"column":38},"end":{"line":46,"column":51}},{"start":{"line":46,"column":54},"end":{"line":46,"column":69}}]}},"s":{"0":1,"1":1,"2":1,"3":1,"4":2,"5":2,"6":1,"7":1,"8":1,"9":7,"10":7,"11":7,"12":4,"13":3,"14":2,"15":1,"16":1},"f":{"0":2,"1":7},"b":{"0":[1,0],"1":[7,1],"2":[4,3],"3":[7,4],"4":[2,1],"5":[1,0]}}
,"/Users/mkalboneh/Desktop/projects/hologram-cdr/api/src/routes/upload.ts": {"path":"/Users/mkalboneh/Desktop/projects/hologram-cdr/api/src/routes/upload.ts","statementMap":{"0":{"start":{"line":17,"column":0},"end":{"line":17,"column":7}},"1":{"start":{"line":2,"column":0},"end":{"line":2,"column":28}},"2":{"start":{"line":3,"column":0},"end":{"line":3,"column":63}},"3":{"start":{"line":4,"column":0},"end":{"line":4,"column":58}},"4":{"start":{"line":8,"column":15},"end":{"line":13,"column":2}},"5":{"start":{"line":15,"column":13},"end":{"line":15,"column":54}},"6":{"start":{"line":18,"column":2},"end":{"line":44,"column":3}},"7":{"start":{"line":19,"column":4},"end":{"line":21,"column":5}},"8":{"start":{"line":20,"column":6},"end":{"line":20,"column":100}},"9":{"start":{"line":23,"column":20},"end":{"line":23,"column":53}},"10":{"start":{"line":24,"column":32},"end":{"line":24,"column":57}},"11":{"start":{"line":26,"column":30},"end":{"line":26,"column":76}},"12":{"start":{"line":28,"column":4},"end":{"line":37,"column":7}},"13":{"start":{"line":30,"column":57},"end":{"line":30,"column":76}},"14":{"start":{"line":39,"column":4},"end":{"line":39,"column":50}},"15":{"start":{"line":40,"column":4},"end":{"line":43,"column":7}}},"fnMap":{"0":{"name":"uploadHandler","decl":{"start":{"line":17,"column":22},"end":{"line":17,"column":35}},"loc":{"start":{"line":17,"column":63},"end":{"line":45,"column":1}}},"1":{"name":"(anonymous_2)","decl":{"start":{"line":30,"column":50},"end":{"line":30,"column":51}},"loc":{"start":{"line":30,"column":57},"end":{"line":30,"column":76}}}},"branchMap":{"0":{"loc":{"start":{"line":19,"column":4},"end":{"line":21,"column":5}},"type":"if","locations":[{"start":{"line":19,"column":4},"end":{"line":21,"column":5}},{"start":{},"end":{}}]},"1":{"loc":{"start":{"line":42,"column":13},"end":{"line":42,"column":69}},"type":"cond-expr","locations":[{"start":{"line":42,"column":38},"end":{"line":42,"column":51}},{"start":{"line":42,"column":54},"end":{"line":42,"column":69}}]}},"s":{"0":1,"1":1,"2":1,"3":1,"4":1,"5":1,"6":6,"7":6,"8":1,"9":5,"10":5,"11":5,"12":4,"13":9,"14":1,"15":1},"f":{"0":6,"1":9},"b":{"0":[1,5],"1":[1,0]}}
,"/Users/mkalboneh/Desktop/projects/hologram-cdr/api/src/services/recordService.ts": {"path":"/Users/mkalboneh/Desktop/projects/hologram-cdr/api/src/services/recordService.ts","statementMap":{"0":{"start":{"line":1,"column":0},"end":{"line":1,"column":31}},"1":{"start":{"line":14,"column":4},"end":{"line":17,"column":7}},"2":{"start":{"line":21,"column":54},"end":{"line":21,"column":59}},"3":{"start":{"line":23,"column":20},"end":{"line":32,"column":6}},"4":{"start":{"line":34,"column":4},"end":{"line":34,"column":19}},"5":{"start":{"line":12,"column":0},"end":{"line":12,"column":13}},"6":{"start":{"line":38,"column":13},"end":{"line":38,"column":49}}},"fnMap":{"0":{"name":"(anonymous_0)","decl":{"start":{"line":13,"column":2},"end":{"line":13,"column":7}},"loc":{"start":{"line":13,"column":38},"end":{"line":18,"column":3}}},"1":{"name":"(anonymous_1)","decl":{"start":{"line":20,"column":2},"end":{"line":20,"column":7}},"loc":{"start":{"line":20,"column":45},"end":{"line":35,"column":3}}}},"branchMap":{"0":{"loc":{"start":{"line":13,"column":19},"end":{"line":13,"column":38}},"type":"default-arg","locations":[{"start":{"line":13,"column":35},"end":{"line":13,"column":38}}]},"1":{"loc":{"start":{"line":26,"column":13},"end":{"line":26,"column":49}},"type":"cond-expr","locations":[{"start":{"line":26,"column":39},"end":{"line":26,"column":42}},{"start":{"line":26,"column":45},"end":{"line":26,"column":49}}]},"2":{"loc":{"start":{"line":28,"column":14},"end":{"line":28,"column":52}},"type":"cond-expr","locations":[{"start":{"line":28,"column":41},"end":{"line":28,"column":45}},{"start":{"line":28,"column":48},"end":{"line":28,"column":52}}]},"3":{"loc":{"start":{"line":29,"column":16},"end":{"line":29,"column":66}},"type":"cond-expr","locations":[{"start":{"line":29,"column":45},"end":{"line":29,"column":59}},{"start":{"line":29,"column":62},"end":{"line":29,"column":66}}]},"4":{"loc":{"start":{"line":30,"column":12},"end":{"line":30,"column":46}},"type":"cond-expr","locations":[{"start":{"line":30,"column":37},"end":{"line":30,"column":39}},{"start":{"line":30,"column":42},"end":{"line":30,"column":46}}]}},"s":{"0":1,"1":3,"2":3,"3":3,"4":2,"5":1,"6":1},"f":{"0":3,"1":3},"b":{"0":[2],"1":[1,2],"2":[1,2],"3":[1,2],"4":[1,2]}}
,"/Users/mkalboneh/Desktop/projects/hologram-cdr/api/src/services/uploadService.ts": {"path":"/Users/mkalboneh/Desktop/projects/hologram-cdr/api/src/services/uploadService.ts","statementMap":{"0":{"start":{"line":1,"column":0},"end":{"line":1,"column":31}},"1":{"start":{"line":10,"column":19},"end":{"line":17,"column":7}},"2":{"start":{"line":10,"column":39},"end":{"line":17,"column":6}},"3":{"start":{"line":19,"column":4},"end":{"line":21,"column":5}},"4":{"start":{"line":20,"column":6},"end":{"line":20,"column":34}},"5":{"start":{"line":23,"column":19},"end":{"line":26,"column":6}},"6":{"start":{"line":28,"column":4},"end":{"line":28,"column":43}},"7":{"start":{"line":8,"column":0},"end":{"line":8,"column":13}},"8":{"start":{"line":32,"column":13},"end":{"line":32,"column":49}}},"fnMap":{"0":{"name":"(anonymous_0)","decl":{"start":{"line":9,"column":2},"end":{"line":9,"column":7}},"loc":{"start":{"line":9,"column":58},"end":{"line":29,"column":3}}},"1":{"name":"(anonymous_1)","decl":{"start":{"line":10,"column":31},"end":{"line":10,"column":32}},"loc":{"start":{"line":10,"column":39},"end":{"line":17,"column":6}}}},"branchMap":{"0":{"loc":{"start":{"line":15,"column":14},"end":{"line":15,"column":56}},"type":"cond-expr","locations":[{"start":{"line":15,"column":33},"end":{"line":15,"column":49}},{"start":{"line":15,"column":52},"end":{"line":15,"column":56}}]},"1":{"loc":{"start":{"line":19,"column":4},"end":{"line":21,"column":5}},"type":"if","locations":[{"start":{"line":19,"column":4},"end":{"line":21,"column":5}},{"start":{},"end":{}}]}},"s":{"0":1,"1":5,"2":6,"3":5,"4":1,"5":4,"6":3,"7":1,"8":1},"f":{"0":5,"1":6},"b":{"0":[5,1],"1":[1,4]}}
}
