TN:
SF:src/parsers/basic.ts
FN:3,parseBasic
FN:4,(anonymous_1)
FNF:2
FNH:2
FNDA:3,parseBasic
FNDA:6,(anonymous_1)
DA:3,2
DA:4,6
DA:5,3
DA:7,3
DA:8,3
DA:10,3
LF:6
LH:6
BRDA:5,0,0,0
BRDA:5,0,1,3
BRDA:8,1,0,0
BRDA:8,1,1,3
BRF:4
BRH:2
end_of_record
TN:
SF:src/parsers/extended.ts
FN:3,parseExtended
FN:4,(anonymous_1)
FNF:2
FNH:2
FNDA:3,parseExtended
FNDA:15,(anonymous_1)
DA:3,2
DA:4,15
DA:5,3
DA:7,3
DA:8,3
DA:9,3
DA:10,3
DA:12,3
DA:13,3
DA:14,3
DA:15,3
DA:17,3
LF:12
LH:12
BRDA:5,0,0,0
BRDA:5,0,1,3
BRDA:12,1,0,0
BRDA:12,1,1,3
BRDA:13,2,0,0
BRDA:13,2,1,3
BRDA:14,3,0,0
BRDA:14,3,1,3
BRDA:15,4,0,0
BRDA:15,4,1,3
BRF:10
BRH:5
end_of_record
TN:
SF:src/parsers/hex.ts
FN:3,hexToInt
FN:9,parseHex
FN:10,(anonymous_2)
FNF:3
FNH:3
FNDA:21,hexToInt
FNDA:4,parseHex
FNDA:8,(anonymous_2)
DA:4,21
DA:5,21
DA:6,21
DA:9,2
DA:10,8
DA:11,4
DA:13,4
DA:14,4
DA:15,3
DA:18,3
DA:19,3
DA:20,3
DA:21,3
DA:23,3
DA:24,3
DA:25,3
DA:27,3
DA:33,3
DA:35,3
LF:19
LH:19
BRDA:5,0,0,0
BRDA:5,0,1,21
BRDA:11,1,0,0
BRDA:11,1,1,4
BRDA:14,2,0,1
BRDA:14,2,1,3
BRDA:15,3,0,0
BRDA:15,3,1,3
BRF:8
BRH:5
end_of_record
TN:
SF:src/parsers/parseFileContent.ts
FN:4,parseFileContent
FN:13,(anonymous_1)
FNF:2
FNH:2
FNDA:1,parseFileContent
FNDA:7,(anonymous_1)
DA:2,1
DA:4,1
DA:8,1
DA:9,1
DA:11,1
DA:13,1
DA:14,7
DA:15,7
DA:16,7
DA:18,6
DA:19,6
DA:20,0
DA:23,1
LF:13
LH:12
BRDA:16,0,0,1
BRDA:16,0,1,6
BRDA:19,1,0,6
BRDA:19,1,1,0
BRF:4
BRH:3
end_of_record
TN:
SF:src/parsers/parseLine.ts
FN:10,parseLine
FNF:1
FNH:1
FNDA:11,parseLine
DA:2,2
DA:3,2
DA:4,2
DA:10,2
DA:11,11
DA:12,11
DA:14,10
DA:15,10
DA:17,10
DA:18,10
DA:19,10
DA:21,10
DA:23,10
DA:24,10
DA:25,7
DA:26,3
DA:28,1
LF:17
LH:17
BRDA:12,0,0,1
BRDA:12,0,1,10
BRDA:15,1,0,0
BRDA:15,1,1,10
BRDA:19,2,0,0
BRDA:19,2,1,10
BRDA:24,3,0,3
BRDA:24,3,1,7
BRDA:25,4,0,4
BRDA:25,4,1,3
BRDA:28,5,0,1
BRDA:28,5,1,0
BRF:12
BRH:9
end_of_record
TN:
SF:src/routes/records.ts
FN:5,getRecordsHandler
FN:18,createRecordHandler
FNF:2
FNH:2
FNDA:2,getRecordsHandler
FNDA:7,createRecordHandler
DA:2,1
DA:3,1
DA:5,1
DA:6,2
DA:7,2
DA:8,1
DA:10,1
DA:11,1
DA:18,1
DA:19,7
DA:20,7
DA:22,7
DA:23,4
DA:28,3
DA:38,2
DA:43,1
DA:44,1
LF:17
LH:17
BRDA:13,0,0,1
BRDA:13,0,1,0
BRDA:20,1,0,7
BRDA:20,1,1,1
BRDA:22,2,0,4
BRDA:22,2,1,3
BRDA:22,3,0,7
BRDA:22,3,1,4
BRDA:40,4,0,2
BRDA:40,4,1,1
BRDA:46,5,0,1
BRDA:46,5,1,0
BRF:12
BRH:10
end_of_record
TN:
SF:src/routes/upload.ts
FN:17,uploadHandler
FN:30,(anonymous_2)
FNF:2
FNH:2
FNDA:6,uploadHandler
FNDA:9,(anonymous_2)
DA:2,1
DA:3,1
DA:4,1
DA:8,1
DA:15,1
DA:17,1
DA:18,6
DA:19,6
DA:20,1
DA:23,5
DA:24,5
DA:26,5
DA:28,4
DA:30,9
DA:39,1
DA:40,1
LF:16
LH:16
BRDA:19,0,0,1
BRDA:19,0,1,5
BRDA:42,1,0,1
BRDA:42,1,1,0
BRF:4
BRH:3
end_of_record
TN:
SF:src/services/recordService.ts
FN:13,(anonymous_0)
FN:20,(anonymous_1)
FNF:2
FNH:2
FNDA:3,(anonymous_0)
FNDA:3,(anonymous_1)
DA:1,1
DA:12,1
DA:14,3
DA:21,3
DA:23,3
DA:34,2
DA:38,1
LF:7
LH:7
BRDA:13,0,0,2
BRDA:26,1,0,1
BRDA:26,1,1,2
BRDA:28,2,0,1
BRDA:28,2,1,2
BRDA:29,3,0,1
BRDA:29,3,1,2
BRDA:30,4,0,1
BRDA:30,4,1,2
BRF:9
BRH:9
end_of_record
TN:
SF:src/services/uploadService.ts
FN:9,(anonymous_0)
FN:10,(anonymous_1)
FNF:2
FNH:2
FNDA:5,(anonymous_0)
FNDA:6,(anonymous_1)
DA:1,1
DA:8,1
DA:10,6
DA:19,5
DA:20,1
DA:23,4
DA:28,3
DA:32,1
LF:8
LH:8
BRDA:15,0,0,5
BRDA:15,0,1,1
BRDA:19,1,0,1
BRDA:19,1,1,4
BRF:4
BRH:4
end_of_record
